<?xml version="1.0" encoding="UTF-8"?>
<testng-results skipped="0" failed="0" ignored="0" total="1" passed="1">
  <reporter-output>
  </reporter-output>
  <suite name="Default suite" duration-ms="54309" started-at="2019-10-02T10:52:49Z" finished-at="2019-10-02T10:53:43Z">
    <groups>
    </groups>
    <test name="Default test" duration-ms="54309" started-at="2019-10-02T10:52:49Z" finished-at="2019-10-02T10:53:43Z">
      <class name="de.urlaub.pom.testcases.ClientTest">
        <test-method status="PASS" signature="testSearchHotel()[pri:0, instance:de.urlaub.pom.testcases.ClientTest@1ce92674]" name="testSearchHotel" duration-ms="54087" started-at="2019-10-02T10:52:49Z" finished-at="2019-10-02T10:53:43Z">
          <reporter-output>
          </reporter-output>
        </test-method> <!-- testSearchHotel -->
      </class> <!-- de.urlaub.pom.testcases.ClientTest -->
    </test> <!-- Default test -->
  </suite> <!-- Default suite -->
</testng-results>
